\BOOKMARK [1][]{section.3}{\376\377\000I\000n\000t\000r\000o\000d\000u\000c\000t\000i\000o\000n}{}% 1
\BOOKMARK [1][]{section.4}{\376\377\000R\000e\000l\000a\000t\000e\000d\000\040\000W\000o\000r\000k\000s}{}% 2
\BOOKMARK [2][]{subsection.5}{\376\377\000D\000a\000t\000a\000\040\000p\000r\000e\000p\000a\000r\000a\000t\000i\000o\000n\000\040\000f\000o\000r\000\040\000l\000a\000r\000g\000e\000\040\000c\000o\000l\000l\000e\000c\000t\000i\000o\000n\000s\000\040\000o\000f\000\040\000t\000e\000x\000t}{section.4}% 3
\BOOKMARK [2][]{subsection.9}{\376\377\000L\000L\000M\000s\000\040\000f\000o\000r\000\040\000I\000n\000f\000o\000r\000m\000a\000t\000i\000o\000n\000\040\000E\000x\000t\000r\000a\000c\000t\000i\000o\000n}{section.4}% 4
\BOOKMARK [1][]{section.11}{\376\377\000D\000e\000s\000i\000g\000n\000\040\000R\000a\000t\000i\000o\000n\000a\000l\000e}{}% 5
\BOOKMARK [2][]{subsection.12}{\376\377\000A\000n\000a\000l\000y\000s\000i\000s\000\040\000T\000a\000s\000k\000s}{section.11}% 6
\BOOKMARK [2][]{subsection.13}{\376\377\000D\000e\000s\000i\000g\000n\000\040\000C\000o\000n\000s\000i\000d\000e\000r\000a\000t\000i\000o\000n\000s}{section.11}% 7
\BOOKMARK [1][]{section.14}{\376\377\000M\000e\000t\000h\000o\000d\000o\000l\000o\000g\000y}{}% 8
\BOOKMARK [2][]{subsection.16}{\376\377\000D\000a\000t\000a\000\040\000P\000r\000e\000p\000a\000r\000a\000t\000i\000o\000n}{section.14}% 9
\BOOKMARK [3][-]{subsubsection.17}{\376\377\000D\000a\000t\000a\000s\000e\000t\000s}{subsection.16}% 10
\BOOKMARK [3][-]{subsubsection.18}{\376\377\000S\000u\000m\000m\000a\000r\000i\000z\000a\000t\000i\000o\000n}{subsection.16}% 11
\BOOKMARK [3][-]{subsubsection.19}{\376\377\000C\000h\000a\000r\000a\000c\000t\000e\000r\000\040\000E\000x\000t\000r\000a\000c\000t\000i\000o\000n}{subsection.16}% 12
\BOOKMARK [3][-]{subsubsection.20}{\376\377\000C\000h\000a\000r\000a\000c\000t\000e\000r\000\040\000D\000i\000s\000a\000m\000b\000i\000g\000u\000a\000t\000i\000o\000n}{subsection.16}% 13
\BOOKMARK [3][-]{subsubsection.21}{\376\377\000D\000o\000c\000u\000m\000e\000n\000t\000\040\000a\000n\000d\000\040\000C\000h\000a\000r\000a\000c\000t\000e\000r\000\040\000E\000m\000b\000e\000d\000d\000i\000n\000g}{subsection.16}% 14
\BOOKMARK [3][-]{subsubsection.22}{\376\377\000T\000o\000p\000i\000c\000\040\000L\000a\000b\000e\000l\000\040\000G\000e\000n\000e\000r\000a\000t\000i\000o\000n}{subsection.16}% 15
\BOOKMARK [2][]{subsection.23}{\376\377\000M\000o\000d\000e\000l\000s}{section.14}% 16
\BOOKMARK [3][-]{subsubsection.24}{\376\377\000H\000y\000p\000e\000r\000g\000r\000a\000p\000h\000\040\000C\000o\000n\000s\000t\000r\000u\000c\000t\000i\000o\000n}{subsection.23}% 17
\BOOKMARK [3][-]{subsubsection.26}{\376\377\000H\000i\000e\000r\000a\000r\000c\000h\000i\000c\000a\000l\000\040\000C\000l\000u\000s\000t\000e\000r\000i\000n\000g}{subsection.23}% 18
\BOOKMARK [1][]{section.35}{\376\377\000V\000i\000s\000u\000a\000l\000i\000z\000a\000t\000i\000o\000n\000\040\000o\000f\000\040\000H\000y\000p\000e\000r\000M\000a\000p}{}% 19
\BOOKMARK [2][]{subsection.36}{\376\377\000S\000F\000C\000\040\000f\000o\000r\000\040\000H\000y\000p\000e\000r\000G\000r\000a\000p\000h}{section.35}% 20
\BOOKMARK [2][]{subsection.37}{\376\377\000I\000m\000p\000r\000o\000v\000i\000n\000g\000\040\000t\000h\000e\000\040\000r\000e\000a\000d\000a\000b\000i\000l\000i\000t\000y}{section.35}% 21
\BOOKMARK [1][]{section.44}{\376\377\000H\000y\000p\000e\000r\000M\000a\000p\000\040\000S\000y\000s\000t\000e\000m\000\040\000D\000e\000s\000i\000g\000n}{}% 22
\BOOKMARK [2][]{subsection.45}{\376\377\000C\000l\000u\000s\000t\000e\000r\000\040\000V\000i\000e\000w}{section.44}% 23
\BOOKMARK [3][-]{subsubsection.46}{\376\377\000I\000n\000t\000e\000r\000a\000c\000t\000i\000o\000n\000s}{subsection.45}% 24
\BOOKMARK [2][]{subsection.51}{\376\377\000D\000o\000c\000u\000m\000e\000n\000t\000\040\000V\000i\000e\000w}{section.44}% 25
\BOOKMARK [2][]{subsection.52}{\376\377\000A\000n\000a\000l\000y\000s\000i\000s\000\040\000V\000i\000e\000w}{section.44}% 26
\BOOKMARK [1][]{section.53}{\376\377\000E\000v\000a\000l\000u\000a\000t\000i\000o\000n}{}% 27
\BOOKMARK [2][]{subsection.54}{\376\377\000S\000c\000e\000n\000a\000r\000i\000o\000\040\0001\000:\000\040\000C\000o\000l\000l\000e\000c\000t\000i\000n\000g\000\040\000m\000a\000t\000e\000r\000i\000a\000l\000s\000\040\000f\000o\000r\000\040\000a\000\040\000n\000e\000w\000s\000\040\000s\000t\000o\000r\000y}{section.53}% 28
\BOOKMARK [2][]{subsection.56}{\376\377\000S\000c\000e\000n\000a\000r\000i\000o\000\040\0002\000:\000\040\000L\000i\000t\000e\000r\000a\000t\000u\000r\000e\000\040\000R\000e\000v\000i\000e\000w}{section.53}% 29
\BOOKMARK [1][]{section.58}{\376\377\000L\000i\000m\000i\000t\000a\000t\000i\000o\000n\000s\000\040\000a\000n\000d\000\040\000F\000u\000t\000u\000r\000e\000\040\000W\000o\000r\000k}{}% 30
\BOOKMARK [1][]{section.59}{\376\377\000C\000o\000n\000c\000l\000u\000s\000i\000o\000n}{}% 31
\BOOKMARK [1][]{appendix.61}{\376\377\000C\000h\000a\000t\000\040\000R\000e\000s\000p\000o\000n\000s\000e\000s\000\040\000f\000o\000r\000\040\000u\000s\000a\000g\000e\000\040\000s\000c\000e\000n\000a\000r\000i\000o\000\040\0002}{}% 32
