\BOOKMARK [1][]{section.2}{\376\377\000I\000n\000t\000r\000o\000d\000u\000c\000t\000i\000o\000n}{}% 1
\BOOKMARK [1][]{section.4}{\376\377\000A\000u\000t\000h\000o\000r\000\040\000D\000e\000t\000a\000i\000l\000s}{}% 2
\BOOKMARK [1][]{section.5}{\376\377\000H\000y\000p\000e\000r\000l\000i\000n\000k\000s\000\040\000a\000n\000d\000\040\000C\000r\000o\000s\000s\000\040\000R\000e\000f\000e\000r\000e\000n\000c\000e\000s}{}% 3
\BOOKMARK [1][]{section.6}{\376\377\000F\000i\000g\000u\000r\000e\000s}{}% 4
\BOOKMARK [2][]{subsection.7}{\376\377\000L\000o\000a\000d\000i\000n\000g\000\040\000f\000i\000g\000u\000r\000e\000s}{section.6}% 5
\BOOKMARK [2][]{subsection.8}{\376\377\000V\000e\000c\000t\000o\000r\000\040\000f\000i\000g\000u\000r\000e\000s}{section.6}% 6
\BOOKMARK [2][]{subsection.9}{\376\377\000R\000a\000s\000t\000e\000r\000\040\000f\000i\000g\000u\000r\000e\000s}{section.6}% 7
\BOOKMARK [2][]{subsection.10}{\376\377\000F\000i\000g\000u\000r\000e\000s\000\040\000o\000n\000\040\000t\000h\000e\000\040\000f\000i\000r\000s\000t\000\040\000p\000a\000g\000e}{section.6}% 8
\BOOKMARK [2][]{subsection.11}{\376\377\000S\000u\000b\000f\000i\000g\000u\000r\000e\000s}{section.6}% 9
\BOOKMARK [2][]{subsection.13}{\376\377\000F\000i\000g\000u\000r\000e\000\040\000C\000r\000e\000d\000i\000t\000s}{section.6}% 10
\BOOKMARK [1][]{section.14}{\376\377\000E\000q\000u\000a\000t\000i\000o\000n\000s\000\040\000a\000n\000d\000\040\000T\000a\000b\000l\000e\000s}{}% 11
\BOOKMARK [1][]{section.18}{\376\377\000S\000u\000p\000p\000l\000e\000m\000e\000n\000t\000a\000l\000\040\000M\000a\000t\000e\000r\000i\000a\000l\000\040\000I\000n\000s\000t\000r\000u\000c\000t\000i\000o\000n\000s}{}% 12
\BOOKMARK [1][]{section.19}{\376\377\000R\000e\000f\000e\000r\000e\000n\000c\000e\000s}{}% 13
\BOOKMARK [2][]{subsection.20}{\376\377\000I\000n\000c\000l\000u\000d\000e\000\040\000D\000O\000I\000s}{section.19}% 14
\BOOKMARK [2][]{subsection.21}{\376\377\000N\000a\000r\000r\000o\000w\000\040\000D\000O\000I\000\040\000o\000p\000t\000i\000o\000n}{section.19}% 15
\BOOKMARK [2][]{subsection.22}{\376\377\000D\000i\000s\000a\000b\000l\000i\000n\000g\000\040\000h\000y\000p\000e\000r\000l\000i\000n\000k\000s}{section.19}% 16
\BOOKMARK [2][]{subsection.23}{\376\377\000G\000u\000i\000d\000e\000l\000i\000n\000e\000s\000\040\000f\000o\000r\000\040\000b\000i\000b\000T\000e\000X}{section.19}% 17
\BOOKMARK [1][]{section.24}{\376\377\000A\000p\000p\000e\000n\000d\000i\000c\000e\000s}{}% 18
\BOOKMARK [1][]{section.25}{\376\377\000F\000i\000l\000l\000e\000r\000\040\000T\000e\000x\000t\000\040\000t\000o\000\040\000F\000l\000u\000s\000h\000\040\000O\000u\000t\000\040\000t\000h\000e\000\040\000P\000a\000p\000e\000r}{}% 19
\BOOKMARK [1][]{appendix.30}{\376\377\000A\000b\000o\000u\000t\000\040\000A\000p\000p\000e\000n\000d\000i\000c\000e\000s}{}% 20
\BOOKMARK [1][]{appendix.31}{\376\377\000T\000r\000o\000u\000b\000l\000e\000s\000h\000o\000o\000t\000i\000n\000g}{}% 21
\BOOKMARK [2][]{subsection.32}{\376\377\000i\000f\000p\000d\000f\000\040\000e\000r\000r\000o\000r}{appendix.31}% 22
\BOOKMARK [2][]{subsection.33}{\376\377\000p\000d\000f\000e\000n\000d\000l\000i\000n\000k\000\040\000e\000r\000r\000o\000r}{appendix.31}% 23
